2024-06-26 20:40:25,649 ERROR Erro ao fazer login na API: 404 - 
2024-06-26 20:40:26,418 ERROR Erro ao fazer login na API: 404 - 
2024-06-26 20:48:10,159 ERROR Erro ao fazer login na API: 404 - 
2024-06-26 20:48:10,950 ERROR Erro ao fazer login na API: 404 - 
2024-06-26 21:00:17,144 ERROR Falha ao abrir o stream de vídeo, tentativa 1
2024-06-26 21:00:19,570 ERROR Falha ao abrir o stream de vídeo, tentativa 2
2024-06-26 21:00:21,882 ERROR Falha ao abrir o stream de vídeo, tentativa 3
2024-06-26 21:00:24,179 ERROR Falha ao abrir o stream de vídeo, tentativa 4
2024-06-26 21:00:26,578 ERROR Falha ao abrir o stream de vídeo, tentativa 5
2024-06-26 21:00:28,581 ERROR Falha ao abrir o stream de vídeo após várias tentativas
2024-06-26 21:00:28,581 ERROR Não foi possível abrir o stream de vídeo
2024-06-26 21:01:46,478 ERROR Falha ao abrir o stream de vídeo, tentativa 1
2024-06-26 21:01:50,203 ERROR Falha ao abrir o stream de vídeo, tentativa 2
2024-06-26 21:01:52,689 ERROR Falha ao abrir o stream de vídeo, tentativa 3
2024-06-26 21:01:55,381 ERROR Falha ao abrir o stream de vídeo, tentativa 4
2024-06-26 21:01:57,914 ERROR Falha ao abrir o stream de vídeo, tentativa 5
2024-06-26 21:01:59,917 ERROR Falha ao abrir o stream de vídeo após várias tentativas
2024-06-26 21:01:59,917 ERROR Não foi possível abrir o stream de vídeo
2024-06-26 21:02:36,832 ERROR Falha ao abrir o stream de vídeo, tentativa 1
2024-06-26 21:02:39,169 ERROR Falha ao abrir o stream de vídeo, tentativa 2
2024-06-26 21:02:41,692 ERROR Falha ao abrir o stream de vídeo, tentativa 3
2024-06-26 21:02:44,304 ERROR Falha ao abrir o stream de vídeo, tentativa 4
2024-06-26 21:02:47,165 ERROR Falha ao abrir o stream de vídeo, tentativa 5
2024-06-26 21:02:49,178 ERROR Falha ao abrir o stream de vídeo após várias tentativas
2024-06-26 21:02:49,178 ERROR None
2024-06-26 21:02:49,178 ERROR Não foi possível abrir o stream de vídeo
2024-06-26 21:07:07,056 ERROR Falha ao abrir o stream de vídeo, tentativa 1
2024-06-26 21:07:09,361 ERROR Falha ao abrir o stream de vídeo, tentativa 2
2024-06-26 21:07:11,689 ERROR Falha ao abrir o stream de vídeo, tentativa 3
2024-06-26 21:07:14,627 ERROR Falha ao abrir o stream de vídeo, tentativa 4
2024-06-26 21:07:17,389 ERROR Falha ao abrir o stream de vídeo, tentativa 5
2024-06-26 21:07:19,404 ERROR Falha ao abrir o stream de vídeo após várias tentativas
2024-06-26 21:07:19,404 ERROR None
2024-06-26 21:07:19,404 ERROR Não foi possível abrir o stream de vídeo
2024-06-26 21:12:24,521 ERROR Falha ao abrir o stream de vídeo, tentativa 1
2024-06-26 21:13:40,340 ERROR Falha ao abrir o stream de vídeo, tentativa 2
2024-06-26 21:14:56,155 ERROR Falha ao abrir o stream de vídeo, tentativa 3
2024-06-26 21:16:11,810 ERROR Falha ao abrir o stream de vídeo, tentativa 4
2024-06-26 21:17:27,560 ERROR Falha ao abrir o stream de vídeo, tentativa 5
2024-06-26 21:17:29,561 ERROR Falha ao abrir o stream de vídeo após várias tentativas
2024-06-26 21:17:29,561 ERROR None
2024-06-26 21:17:29,561 ERROR Não foi possível abrir o stream de vídeo
2024-06-26 21:33:47,696 ERROR Falha ao abrir o stream de vídeo, tentativa 1
2024-06-26 21:33:50,705 ERROR Falha ao abrir o stream de vídeo, tentativa 2
2024-06-26 21:33:53,218 ERROR Falha ao abrir o stream de vídeo, tentativa 3
2024-06-26 21:33:55,553 ERROR Falha ao abrir o stream de vídeo, tentativa 4
2024-06-26 21:34:00,513 ERROR Falha ao abrir o stream de vídeo, tentativa 5
2024-06-26 21:34:02,526 ERROR Falha ao abrir o stream de vídeo após várias tentativas
2024-06-26 21:34:02,526 ERROR None
2024-06-26 21:34:02,526 ERROR Não foi possível abrir o stream de vídeo
2024-06-26 21:39:46,808 ERROR Erro ao ler o frame do vídeo ou frame vazio. Tentando reconectar...
2024-06-26 21:42:37,119 ERROR Falha ao abrir o stream de vídeo, tentativa 1
2024-06-26 21:44:03,357 ERROR Falha ao abrir o stream de vídeo, tentativa 2
2024-06-26 22:13:20,293 ERROR Falha ao abrir o stream de vídeo, tentativa 1
2024-06-27 08:39:10,578 ERROR Falha ao abrir o stream de vídeo, tentativa 2
2024-06-27 08:40:28,364 ERROR Falha ao abrir o stream de vídeo, tentativa 3
2024-06-27 08:41:44,211 ERROR Falha ao abrir o stream de vídeo, tentativa 4
2024-06-27 08:43:00,016 ERROR Falha ao abrir o stream de vídeo, tentativa 5
2024-06-27 08:43:02,027 ERROR Falha ao abrir o stream de vídeo após várias tentativas
2024-06-27 08:43:02,027 ERROR Não foi possível abrir o stream de vídeo
2024-06-27 10:23:46,402 ERROR Falha ao abrir o stream de vídeo, tentativa 1
2024-06-27 10:23:49,423 ERROR Falha ao abrir o stream de vídeo, tentativa 2
2024-06-27 10:23:52,469 ERROR Falha ao abrir o stream de vídeo, tentativa 3
2024-06-27 10:23:55,486 ERROR Falha ao abrir o stream de vídeo, tentativa 4
2024-06-27 10:23:58,505 ERROR Falha ao abrir o stream de vídeo, tentativa 5
2024-06-27 10:24:00,519 ERROR Falha ao abrir o stream de vídeo após várias tentativas
2024-06-27 10:24:00,519 ERROR Não foi possível abrir o stream de vídeo
2024-06-27 10:29:25,821 ERROR Falha ao abrir o stream de vídeo, tentativa 1
2024-06-27 10:29:27,914 ERROR Falha ao abrir o stream de vídeo, tentativa 2
2024-06-27 10:29:30,000 ERROR Falha ao abrir o stream de vídeo, tentativa 3
2024-06-27 10:29:32,097 ERROR Falha ao abrir o stream de vídeo, tentativa 4
2024-06-27 10:29:34,175 ERROR Falha ao abrir o stream de vídeo, tentativa 5
2024-06-27 10:29:36,181 ERROR Falha ao abrir o stream de vídeo após várias tentativas
2024-06-27 10:29:36,181 ERROR Não foi possível abrir o stream de vídeo
2024-06-27 10:29:52,998 ERROR Falha ao abrir o stream de vídeo, tentativa 1
2024-06-27 10:29:55,425 ERROR Falha ao abrir o stream de vídeo, tentativa 2
2024-06-27 10:29:57,802 ERROR Falha ao abrir o stream de vídeo, tentativa 3
2024-06-27 10:30:00,304 ERROR Falha ao abrir o stream de vídeo, tentativa 4
2024-06-27 10:30:02,694 ERROR Falha ao abrir o stream de vídeo, tentativa 5
2024-06-27 10:30:04,698 ERROR Falha ao abrir o stream de vídeo após várias tentativas
2024-06-27 10:30:04,698 ERROR Não foi possível abrir o stream de vídeo
2024-06-27 13:51:48,201 ERROR Erro ao fazer login na API: 404 - 
2024-06-27 13:51:49,702 ERROR Erro ao fazer login na API: 404 - 
2024-06-27 13:52:50,809 ERROR Erro ao fazer login na API: 404 - 
2024-06-27 13:54:10,653 ERROR Erro ao fazer login na API: 404 - 
2024-06-27 13:55:25,008 ERROR Erro ao fazer login na API: 404 - 
2024-06-27 13:55:39,299 ERROR Erro ao fazer login na API: 404 - 
2024-06-27 13:56:38,190 ERROR Erro ao fazer login na API: 404 - 
2024-06-27 13:56:46,148 ERROR Erro ao fazer login na API: 404 - 
2024-06-27 13:57:43,695 ERROR Erro ao fazer login na API: 404 - 
2024-06-27 13:58:44,089 ERROR Erro ao fazer login na API: 404 - 
2024-06-27 13:59:53,258 ERROR Erro ao fazer login na API: 404 - 
2024-06-27 14:01:03,329 ERROR Erro ao fazer login na API: 404 - 
2024-06-27 14:02:05,225 ERROR Erro ao fazer login na API: 404 - 
2024-06-27 14:03:13,072 ERROR Erro ao fazer login na API: 404 - 
2024-06-27 16:03:50,609 ERROR Erro ao fazer login na API: 404 - 
2024-06-27 16:03:56,568 ERROR Erro ao fazer login na API: 404 - 
2024-06-27 16:05:56,581 ERROR Erro ao fazer login na API: 404 - 
2024-06-27 16:07:50,818 ERROR Erro ao fazer login na API: 404 - 
2024-06-27 16:08:50,996 ERROR Erro ao fazer login na API: 404 - 
2024-06-27 16:10:19,288 ERROR Erro ao fazer login na API: 404 - 
2024-06-27 16:11:33,212 ERROR Erro ao fazer login na API: 404 - 
2024-06-27 22:49:58,069 ERROR Erro ao fazer login na API: 404 - 
2024-06-27 22:49:59,770 ERROR Erro ao fazer login na API: 404 - 
2024-06-28 01:26:59,414 ERROR Erro ao fazer login na API: 404 - 
2024-06-28 01:32:01,661 ERROR Erro ao fazer login na API: 404 - 
2024-06-28 01:33:02,435 ERROR Erro ao fazer login na API: 404 - 
2024-06-28 11:45:32,229 ERROR Erro ao fazer login na API: 404 - 
2024-06-28 11:50:57,162 ERROR Erro ao fazer login na API: 404 - 
2024-06-28 11:52:17,984 ERROR Erro ao fazer login na API: 404 - 
2024-06-28 11:54:34,295 ERROR Erro ao fazer login na API: 404 - 
2024-06-28 11:58:48,078 ERROR Erro ao fazer login na API: 404 - 
2024-06-28 14:13:47,969 ERROR Erro ao fazer login na API: 404 - 
2024-06-28 14:15:07,527 ERROR Erro ao fazer login na API: 404 - 
2024-06-28 14:16:08,099 ERROR Erro ao fazer login na API: 404 - 
2024-06-28 14:17:38,005 ERROR Erro ao fazer login na API: 404 - 
2024-06-28 14:18:38,016 ERROR Erro ao fazer login na API: 404 - 
2024-06-28 14:19:41,477 ERROR Erro ao fazer login na API: 404 - 
2024-06-28 14:21:20,224 ERROR Erro ao fazer login na API: 404 - 
2024-06-28 14:22:42,569 ERROR Erro ao fazer login na API: 404 - 
2024-06-28 14:24:15,462 ERROR Erro ao fazer login na API: 404 - 
2024-06-28 17:46:21,654 ERROR Erro ao fazer login na API: 404 - 
2024-06-28 17:47:20,675 ERROR Erro ao fazer login na API: 404 - 
2024-06-28 20:31:55,393 ERROR Erro ao fazer login na API: 404 - 
2024-06-28 20:40:13,114 ERROR Erro ao fazer login na API: 404 - 
2024-06-28 20:43:17,533 ERROR Erro ao fazer login na API: 404 - 
2024-06-28 20:44:20,030 ERROR Erro ao fazer login na API: 404 - 
2024-06-28 20:45:24,618 ERROR Erro ao fazer login na API: 404 - 
2024-06-28 20:46:31,697 ERROR Erro ao fazer login na API: 404 - 
2024-06-28 20:47:32,520 ERROR Erro ao fazer login na API: 404 - 
2024-06-28 20:48:38,590 ERROR Erro ao fazer login na API: 404 - 
2024-06-28 20:51:38,906 ERROR Erro ao fazer login na API: 404 - 
2024-06-28 20:52:43,429 ERROR Erro ao fazer login na API: 404 - 
2024-06-28 20:54:06,835 ERROR Erro ao fazer login na API: 404 - 
2024-06-29 11:47:00,340 ERROR Erro ao fazer login na API: 404 - 
2024-06-29 15:51:26,778 ERROR Erro ao fazer login na API: 404 - 
2024-06-29 21:46:46,980 ERROR Erro ao fazer login na API: 404 - 
2024-06-29 23:38:38,244 ERROR Erro ao fazer login na API: 404 - 
2024-06-29 23:41:29,995 ERROR Erro ao fazer login na API: 404 - 
2024-06-29 23:43:43,612 ERROR Erro ao fazer login na API: 404 - 
2024-06-29 23:44:44,437 ERROR Erro ao fazer login na API: 404 - 
2024-06-29 23:45:44,545 ERROR Erro ao fazer login na API: 404 - 
2024-06-29 23:46:46,701 ERROR Erro ao fazer login na API: 404 - 
2024-06-29 23:47:50,351 ERROR Erro ao fazer login na API: 404 - 
2024-06-29 23:48:50,179 ERROR Erro ao fazer login na API: 404 - 
2024-06-29 23:49:53,375 ERROR Erro ao fazer login na API: 404 - 
2024-06-29 23:50:54,313 ERROR Erro ao fazer login na API: 404 - 
2024-06-29 23:51:56,776 ERROR Erro ao fazer login na API: 404 - 
2024-06-29 23:53:03,020 ERROR Erro ao fazer login na API: 404 - 
2024-06-29 23:54:03,651 ERROR Erro ao fazer login na API: 404 - 
2024-06-30 00:00:17,279 ERROR Erro ao fazer login na API: 404 - 
2024-06-30 00:01:23,146 ERROR Erro ao fazer login na API: 404 - 
2024-06-30 00:02:23,762 ERROR Erro ao fazer login na API: 404 - 
2024-06-30 00:03:25,207 ERROR Erro ao fazer login na API: 404 - 
2024-06-30 00:04:37,666 ERROR Erro ao fazer login na API: 404 - 
2024-06-30 00:05:39,866 ERROR Erro ao fazer login na API: 404 - 
2024-06-30 00:06:41,260 ERROR Erro ao fazer login na API: 404 - 
2024-06-30 00:06:50,500 ERROR Erro ao ler o frame do vídeo ou frame vazio. Tentando reconectar...
2024-06-30 00:07:43,393 ERROR Erro ao fazer login na API: 404 - 
2024-06-30 00:08:44,805 ERROR Erro ao fazer login na API: 404 - 
2024-06-30 00:09:45,632 ERROR Erro ao fazer login na API: 404 - 
2024-06-30 00:10:48,132 ERROR Erro ao fazer login na API: 404 - 
2024-06-30 00:11:52,815 ERROR Erro ao fazer login na API: 404 - 
2024-06-30 00:12:53,899 ERROR Erro ao fazer login na API: 404 - 
2024-06-30 00:13:54,269 ERROR Erro ao fazer login na API: 404 - 
2024-06-30 00:14:55,145 ERROR Erro ao fazer login na API: 404 - 
2024-06-30 00:15:55,167 ERROR Erro ao fazer login na API: 404 - 
2024-06-30 00:16:56,746 ERROR Erro ao fazer login na API: 404 - 
2024-06-30 00:17:56,592 ERROR Erro ao fazer login na API: 404 - 
2024-06-30 00:18:59,876 ERROR Erro ao fazer login na API: 404 - 
2024-06-30 00:20:00,512 ERROR Erro ao fazer login na API: 404 - 
2024-06-30 00:21:00,538 ERROR Erro ao fazer login na API: 404 - 
2024-07-02 17:51:15,144 ERROR Erro ao fazer login na API: 404 - 
